   INFO HazardCalc: v1.1.2-27-gde790ea
   INFO Model Config: /Users/bclayton/usgs/git/nshmp-haz/etc/peer/models/Set1-Case1/config.json
        Model
          .name:               PEER Test: Set1-Case1
          .surfaceSpacing:     1.0
          .ruptureFloating:    OFF
          .ruptureVariability: false
          .pointSourceType:    FINITE
          .areaGridScaling:    UNIFORM_0P01
   INFO 
   INFO =======  Fault Sources  =======
   INFO Parsing: Fault/gmm.xml
   INFO Parsing: Fault/source.xml
WARNING @ FaultParser.startElement()  Invalid Id [-1, Fault 1]
   INFO ===============================
   INFO 
   INFO Calc Config: /Users/bclayton/usgs/git/nshmp-haz/etc/examples/2-custom-config/config.json
        Hazard
          .exceedanceModel:    TRUNCATION_UPPER_ONLY
          .truncationLevel:    3.0
          .imts:               [PGA,SA0P2,SA1P0]
          .gmmUncertainty:     false
          .valueFormat:        POISSON_PROBABILITY
          .defaultImls:        [0.001, 0.01, 0.05, 0.1, 0.15, 0.2, 0.25, 0.3, 0.35, 0.4, 0.45, 0.5,
                                0.55, 0.6, 0.7, 0.8, 0.9, 1.0]
          .imls (SA1P0):       [0.0025, 0.00375, 0.00563, 0.00844, 0.0127, 0.019, 0.0285, 0.0427,
                                0.0641, 0.0961, 0.144, 0.216, 0.324, 0.487, 0.73, 1.09, 1.64, 2.46,
                                3.69, 5.54]
          .imls (SA0P2):       [0.005, 0.0075, 0.0113, 0.0169, 0.0253, 0.038, 0.057, 0.0854, 0.128,
                                0.192, 0.288, 0.432, 0.649, 0.973, 1.46, 2.19, 3.28, 4.92, 7.38]
          .imls (PGA):         [0.005, 0.007, 0.0098, 0.0137, 0.0192, 0.0269, 0.0376, 0.0527,
                                0.0738, 0.103, 0.145, 0.203, 0.284, 0.397, 0.556, 0.778, 1.09, 1.52,
                                2.2, 3.3]
          .imls (PGV):         [0.01, 0.0177, 0.0312, 0.0552, 0.0976, 0.173, 0.305, 0.539, 0.953,
                                1.68, 2.98, 5.26, 9.3, 16.4, 29.1, 51.3, 90.8, 160.0, 284.0, 501.0]
        Deaggregation
          .rBins:              min=0.0, max=1000.0, Δ=20.0
          .mBins:              min=4.4, max=9.4, Δ=0.2
          .εBins:              min=-3.0, max=3.0, Δ=0.5
          .contributorLimit:   1.0
        Rate
          .mBins:              min=4.2, max=9.4, Δ=0.1
          .distance:           20.0
          .distributionFormat: INCREMENTAL
          .valueFormat:        ANNUAL_RATE
          .timespan:           30.0
        Site
          .vs30:               760.0
          .vsInf:              true
          .z1p0:               NaN
          .z2p5:               NaN
        Output
          .directory:          /Users/bclayton/usgs/git/nshmp-haz/etc/examples/2-custom-config/curves
          .dataTypes:          [TOTAL]
          .flushLimit:         5
        Performance
          .optimizeGrids:      true
          .collapseMfds:       true
          .systemPartition:    1000
          .threadCount:        ALL
   INFO 
   INFO Sites: List [size=1]
               San Fancisco                -122.400 37.750 Vs30=760.0 inferred  Z1.0=NaN Z2.5=NaN
   INFO Threads: 4
   INFO HazardCalc: calculating ...
   FINE HazardResult:
FaultSourceSet:
   Id: -1      Name: Set1-Case1                            Size: 1       Weight: 1.0         Used: 1

   INFO HazardCalc: 1 sites completed in 178.9 ms
   INFO HazardCalc: finished
