   INFO HazardCalc: v1.1.2-27-gde790ea
   INFO Model Config: /Users/bclayton/usgs/git/nshm-cous-2008/Western US/config.json
        Model
          .name:               NSHMP Western U.S. 2008
          .surfaceSpacing:     1.0
          .ruptureFloating:    NSHM
          .ruptureVariability: false
          .pointSourceType:    FINITE
          .areaGridScaling:    SCALED_SMALL
   INFO 
   INFO =======  Fault Sources  =======
   INFO Parsing: Fault/gmm.xml
   INFO Parsing: Fault/aFault_aPriori_D2.1.xml
   INFO Parsing: Fault/aFault_MoBal.xml
   INFO Parsing: Fault/bFault.ch.xml
WARNING @ FaultParser.startElement()  Invalid Id [-1, Hunter Mountain - Saline Valley]
WARNING @ FaultParser.startElement()  Invalid Id [-1, Newport - Inglewood - alt 2]
WARNING @ FaultParser.startElement()  Invalid Id [-1, Puente Hills]
WARNING @ FaultParser.startElement()  Invalid Id [-1, Santa Monica - alt 2]
   INFO Parsing: Fault/bFault.gr.xml
WARNING @ FaultParser.startElement()  Invalid Id [-1, Hunter Mountain - Saline Valley]
WARNING @ FaultParser.startElement()  Invalid Id [-1, Santa Monica - alt 2]
WARNING @ FaultParser.startElement()  Invalid Id [-1, Newport - Inglewood - alt 2]
WARNING @ FaultParser.startElement()  Invalid Id [-1, Puente Hills]
   INFO Parsing: Fault/brange.3dip.65.xml
   INFO Parsing: Fault/brange.3dip.ch.xml
   INFO Parsing: Fault/brange.3dip.gr.xml
WARNING @ FaultParser.buildGR()  GR MFD epi branch with no mags [Rush Peak 50]
WARNING @ FaultParser.buildGR()  GR MFD epi branch with no mags [Rush Peak 40]
WARNING @ FaultParser.buildGR()  GR MFD epi branch with no mags [Rush Peak 60]
   INFO Parsing: Fault/nv.3dip.ch.xml
   INFO Parsing: Fault/nv.3dip.gr.xml
WARNING @ FaultParser.buildGR()  GR MFD epi branch with no mags [Buffalo Creek 50]
WARNING @ FaultParser.buildGR()  GR MFD epi branch with no mags [Monte Cristo Valley]
WARNING @ FaultParser.buildGR()  GR MFD epi branch with no mags [Monte Cristo Valley]
WARNING @ FaultParser.buildGR()  GR MFD epi branch with no mags [Monte Cristo Valley]
WARNING @ FaultParser.buildGR()  GR MFD epi branch with no mags [Emigrant Peak 50]
WARNING @ FaultParser.buildGR()  GR MFD epi branch with no mags [Freds Mountain 50]
WARNING @ FaultParser.buildGR()  GR MFD epi branch with no mags [Buffalo Creek 40]
WARNING @ FaultParser.buildGR()  GR MFD epi branch with no mags [Emigrant Peak 40]
WARNING @ FaultParser.buildGR()  GR MFD epi branch with no mags [Freds Mountain 40]
WARNING @ FaultParser.buildGR()  GR MFD epi branch with no mags [Buffalo Creek 60]
WARNING @ FaultParser.buildGR()  GR MFD epi branch with no mags [Emigrant Peak 60]
WARNING @ FaultParser.buildGR()  GR MFD epi branch with no mags [Freds Mountain 60]
   INFO Parsing: Fault/nvut.3dip.65.xml
   INFO Parsing: Fault/orwa_c.xml
WARNING @ FaultParser.buildGR()  GR MFD epi branch with no mags [Coquille anticline]
   INFO Parsing: Fault/orwa_n.3dip.ch.xml
   INFO Parsing: Fault/orwa_n.3dip.gr.xml
   INFO Parsing: Fault/ut.3dip.ch.xml
   INFO Parsing: Fault/ut.3dip.gr.xml
   INFO Parsing: Fault/wasatch.3dip.74.xml
   INFO Parsing: Fault/wasatch.3dip.ch.xml
   INFO Parsing: Fault/wasatch.3dip.gr.xml
   INFO 
   INFO ========  Nested Fault Sources  ========
   INFO (override) Model Config: /Users/bclayton/usgs/git/nshm-cous-2008/Western US/Fault/CA Custom/config.json
        Model
          .name:               NSHMP Western U.S. 2008
          .surfaceSpacing:     1.0
          .ruptureFloating:    STRIKE_ONLY
          .ruptureVariability: false
          .pointSourceType:    FINITE
          .areaGridScaling:    SCALED_SMALL
   INFO (using parent gmm.xml)
   INFO Parsing: Fault/CA Custom/aFault_unseg.xml
WARNING @ FaultParser.startElement()  Invalid Id [-1, Elsinore]
WARNING @ FaultParser.startElement()  Invalid Id [-1, Garlock]
WARNING @ FaultParser.startElement()  Invalid Id [-1, San Jacinto (SB to C)]
WARNING @ FaultParser.startElement()  Invalid Id [-1, San Jacinto (CC to SM)]
WARNING @ FaultParser.startElement()  Invalid Id [-1, N. San Andreas]
WARNING @ FaultParser.startElement()  Invalid Id [-1, SAF - creeping segment]
WARNING @ FaultParser.startElement()  Invalid Id [-1, S. San Andreas]
WARNING @ FaultParser.startElement()  Invalid Id [-1, Hayward - Rodgers Creek]
WARNING @ FaultParser.startElement()  Invalid Id [-1, Calaveras]
   INFO ===============================
   INFO 
   INFO =======  Grid Sources  =======
   INFO Parsing: Grid/gmm.xml
   INFO Parsing: Grid/brawmap.xml
   INFO Parsing: Grid/CAmap.21.ch.xml
   INFO Parsing: Grid/CAmap.21.gr.xml
   INFO Parsing: Grid/CAmap.24.ch.xml
   INFO Parsing: Grid/CAmap.24.gr.xml
   INFO Parsing: Grid/creepmap.xml
   INFO Parsing: Grid/EXTmap.ch.xml
   INFO Parsing: Grid/EXTmap.gr.xml
   INFO Parsing: Grid/impext.ch.xml
   INFO Parsing: Grid/impext.gr.xml
   INFO Parsing: Grid/mendo.xml
   INFO Parsing: Grid/mojave.xml
   INFO Parsing: Grid/nopuget.ch.xml
   INFO Parsing: Grid/nopuget.gr.xml
   INFO Parsing: Grid/puget.ch.xml
   INFO Parsing: Grid/puget.gr.xml
   INFO Parsing: Grid/sangorg.xml
   INFO Parsing: Grid/shear1.xml
   INFO Parsing: Grid/shear2.xml
   INFO Parsing: Grid/shear3.xml
   INFO Parsing: Grid/shear4.xml
   INFO Parsing: Grid/WUSmap.ch.xml
   INFO Parsing: Grid/WUSmap.gr.xml
   INFO ==============================
   INFO 
   INFO =======  Interface Sources  =======
   INFO (override) Model Config: /Users/bclayton/usgs/git/nshm-cous-2008/Western US/Interface/config.json
        Model
          .name:               NSHMP Western U.S. 2008
          .surfaceSpacing:     5.0
          .ruptureFloating:    STRIKE_ONLY
          .ruptureVariability: false
          .pointSourceType:    FINITE
          .areaGridScaling:    SCALED_SMALL
   INFO Parsing: Interface/gmm.xml
   INFO Parsing: Interface/cascadia.bot.8082.xml
   INFO Parsing: Interface/cascadia.bot.8387.xml
   INFO Parsing: Interface/cascadia.bot.9pm.xml
   INFO Parsing: Interface/cascadia.mid.8082.xml
   INFO Parsing: Interface/cascadia.mid.8387.xml
   INFO Parsing: Interface/cascadia.mid.9pm.xml
   INFO Parsing: Interface/cascadia.older2.8082.xml
   INFO Parsing: Interface/cascadia.older2.8387.xml
   INFO Parsing: Interface/cascadia.older2.9pm.xml
   INFO Parsing: Interface/cascadia.top.8082.xml
   INFO Parsing: Interface/cascadia.top.8387.xml
   INFO Parsing: Interface/cascadia.top.9pm.xml
   INFO ===================================
   INFO 
   INFO =======  Slab Sources  =======
   INFO Parsing: Slab/gmm.xml
   INFO Parsing: Slab/CAdeep.xml
   INFO Parsing: Slab/pnwdeep.xml
   INFO Parsing: Slab/portdeep.xml
   INFO ==============================
   INFO 
   INFO Calc Config: /Users/bclayton/usgs/git/nshmp-haz/etc/examples/5-complex-model/config-sites.json
        Hazard
          .exceedanceModel:    TRUNCATION_3SIGMA_UPPER
          .truncationLevel:    3.0
          .imts:               [SA1P0,SA2P0]
          .gmmUncertainty:     true
          .valueFormat:        ANNUAL_RATE
          .defaultImls:        [0.0025, 0.0045, 0.0075, 0.0113, 0.0169, 0.0253, 0.038, 0.057,
                                0.0854, 0.128, 0.192, 0.288, 0.432, 0.649, 0.973, 1.46, 2.19, 3.28,
                                4.92, 7.38]
          .imls (PGV):         [0.01, 0.0177, 0.0312, 0.0552, 0.0976, 0.173, 0.305, 0.539, 0.953,
                                1.68, 2.98, 5.26, 9.3, 16.4, 29.1, 51.3, 90.8, 160.0, 284.0, 501.0]
        Deaggregation
          .rBins:              min=0.0, max=1000.0, Δ=20.0
          .mBins:              min=4.4, max=9.4, Δ=0.2
          .εBins:              min=-3.0, max=3.0, Δ=0.5
          .contributorLimit:   1.0
        Rate
          .mBins:              min=4.2, max=9.4, Δ=0.1
          .distance:           20.0
          .distributionFormat: INCREMENTAL
          .valueFormat:        ANNUAL_RATE
          .timespan:           30.0
        Site
          .vs30:               760.0
          .vsInf:              true
          .z1p0:               NaN
          .z2p5:               NaN
        Output
          .directory:          /Users/bclayton/usgs/git/nshmp-haz/etc/examples/5-complex-model/curves-sites
          .dataTypes:          [TOTAL]
          .flushLimit:         1
        Performance
          .optimizeGrids:      true
          .collapseMfds:       true
          .systemPartition:    1000
          .threadCount:        ALL
   INFO 
   INFO Site file: /Users/bclayton/usgs/git/nshmp-haz/etc/examples/5-complex-model/sites.geojson
   INFO Sites: List [size=4]
               Los Angeles CA              -118.250 34.050 Vs30=760.0 inferred  Z1.0=NaN Z2.5=NaN
               San Francisco CA            -122.400 37.750 Vs30=760.0 inferred  Z1.0=NaN Z2.5=NaN
               Seattle WA                  -122.300 47.600 Vs30=760.0 inferred  Z1.0=NaN Z2.5=NaN
               Salt Lake City UT           -111.900 40.750 Vs30=760.0 inferred  Z1.0=NaN Z2.5=NaN
   INFO Threads: 4
   INFO HazardCalc: calculating ...
   INFO      batch: 1 in 16.50 s – 1 sites in 16.59 s
   FINE HazardResult:
FaultSourceSet:
   Id: -1      Name: aFault_aPriori_D2.1                   Size: 90      Weight: 0.45        Used: 59
   Id: -1      Name: aFault_MoBal                          Size: 123     Weight: 0.225       Used: 90
   Id: -1      Name: bFault.ch                             Size: 157     Weight: 0.6667      Used: 81
   Id: -1      Name: bFault.gr                             Size: 157     Weight: 0.1667      Used: 81
   Id: -1      Name: aFault_unseg                          Size: 9       Weight: 0.05        Used: 4
GridSourceSet:
   Id: -1      Name: mojave.in                             Size: 234     Weight: 1.0         Used: 151
   Id: -1      Name: sangorg.in                            Size: 11      Weight: 1.0         Used: 11
   Id: -1      Name: CAmap.21.ch.in (opt)                  Size: 10147   Weight: 0.3334      Used: 1234 (155 of 200)
   Id: -1      Name: CAmap.21.gr.in (opt)                  Size: 10147   Weight: 0.1666      Used: 1234 (155 of 200)
   Id: -1      Name: CAmap.24.ch.in (opt)                  Size: 10147   Weight: 0.3333      Used: 1234 (155 of 200)
   Id: -1      Name: CAmap.24.gr.in (opt)                  Size: 10147   Weight: 0.1667      Used: 1234 (155 of 200)
   Id: -1      Name: EXTmap.ch.in (opt)                    Size: 33748   Weight: 0.6667      Used: 616 (127 of 200)
   Id: -1      Name: EXTmap.gr.in (opt)                    Size: 33748   Weight: 0.333       Used: 616 (127 of 200)
   Id: -1      Name: impext.ch.in (opt)                    Size: 2233    Weight: 0.6667      Used: 294 (115 of 200)
   Id: -1      Name: impext.gr.in (opt)                    Size: 2233    Weight: 0.3333      Used: 294 (115 of 200)
InterfaceSourceSet:
   Id: -1      Name: cascadia.bot.8082.in                  Size: 1       Weight: 0.0051282   Used: 1
   Id: -1      Name: cascadia.bot.8387.in                  Size: 1       Weight: 0.0102564   Used: 1
   Id: -1      Name: cascadia.bot.9pm.in                   Size: 1       Weight: 0.13333     Used: 1
   Id: -1      Name: cascadia.mid.8082.in                  Size: 1       Weight: 0.0051282   Used: 1
   Id: -1      Name: cascadia.mid.8387.in                  Size: 1       Weight: 0.0102564   Used: 1
   Id: -1      Name: cascadia.mid.9pm.in                   Size: 1       Weight: 0.13333     Used: 1
   Id: -1      Name: cascadia.older2.8082.in               Size: 1       Weight: 0.012833    Used: 1
   Id: -1      Name: cascadia.older2.8387.in               Size: 1       Weight: 0.025644    Used: 1
   Id: -1      Name: cascadia.older2.9pm.in                Size: 1       Weight: 0.3333      Used: 1
   Id: -1      Name: cascadia.top.8082.in                  Size: 1       Weight: 0.0025641   Used: 1
   Id: -1      Name: cascadia.top.8387.in                  Size: 1       Weight: 0.0051282   Used: 1
   Id: -1      Name: cascadia.top.9pm.in                   Size: 1       Weight: 0.06666667  Used: 1

   INFO      batch: 2 in 3.350 s – 2 sites in 19.95 s
   FINE HazardResult:
FaultSourceSet:
   Id: -1      Name: aFault_aPriori_D2.1                   Size: 90      Weight: 0.45        Used: 20
   Id: -1      Name: aFault_MoBal                          Size: 123     Weight: 0.225       Used: 21
   Id: -1      Name: bFault.ch                             Size: 157     Weight: 0.6667      Used: 28
   Id: -1      Name: bFault.gr                             Size: 157     Weight: 0.1667      Used: 28
   Id: -1      Name: aFault_unseg                          Size: 9       Weight: 0.05        Used: 4
GridSourceSet:
   Id: -1      Name: creepmap.in                           Size: 159     Weight: 1.0         Used: 87
   Id: -1      Name: shear1.in                             Size: 137     Weight: 1.0         Used: 63
   Id: -1      Name: CAmap.21.ch.in (opt)                  Size: 10147   Weight: 0.3334      Used: 1288 (150 of 200)
   Id: -1      Name: CAmap.21.gr.in (opt)                  Size: 10147   Weight: 0.1666      Used: 1288 (150 of 200)
   Id: -1      Name: CAmap.24.ch.in (opt)                  Size: 10147   Weight: 0.3333      Used: 1288 (150 of 200)
   Id: -1      Name: CAmap.24.gr.in (opt)                  Size: 10147   Weight: 0.1667      Used: 1288 (150 of 200)
   Id: -1      Name: EXTmap.ch.in (opt)                    Size: 33748   Weight: 0.6667      Used: 434 (136 of 200)
   Id: -1      Name: EXTmap.gr.in (opt)                    Size: 33748   Weight: 0.333       Used: 434 (136 of 200)
   Id: -1      Name: nopuget.ch.in (opt)                   Size: 12421   Weight: 0.25        Used: 150 (55 of 200)
   Id: -1      Name: nopuget.gr.in (opt)                   Size: 12421   Weight: 0.25        Used: 150 (55 of 200)
   Id: -1      Name: WUSmap.ch.in (opt)                    Size: 12421   Weight: 0.25        Used: 150 (55 of 200)
   Id: -1      Name: WUSmap.gr.in (opt)                    Size: 12421   Weight: 0.25        Used: 150 (55 of 200)
InterfaceSourceSet:
   Id: -1      Name: cascadia.bot.8082.in                  Size: 1       Weight: 0.0051282   Used: 1
   Id: -1      Name: cascadia.bot.8387.in                  Size: 1       Weight: 0.0102564   Used: 1
   Id: -1      Name: cascadia.bot.9pm.in                   Size: 1       Weight: 0.13333     Used: 1
   Id: -1      Name: cascadia.mid.8082.in                  Size: 1       Weight: 0.0051282   Used: 1
   Id: -1      Name: cascadia.mid.8387.in                  Size: 1       Weight: 0.0102564   Used: 1
   Id: -1      Name: cascadia.mid.9pm.in                   Size: 1       Weight: 0.13333     Used: 1
   Id: -1      Name: cascadia.older2.8082.in               Size: 1       Weight: 0.012833    Used: 1
   Id: -1      Name: cascadia.older2.8387.in               Size: 1       Weight: 0.025644    Used: 1
   Id: -1      Name: cascadia.older2.9pm.in                Size: 1       Weight: 0.3333      Used: 1
   Id: -1      Name: cascadia.top.8082.in                  Size: 1       Weight: 0.0025641   Used: 1
   Id: -1      Name: cascadia.top.8387.in                  Size: 1       Weight: 0.0051282   Used: 1
   Id: -1      Name: cascadia.top.9pm.in                   Size: 1       Weight: 0.06666667  Used: 1
SlabSourceSet:
   Id: -1      Name: CAdeep.in                             Size: 2603    Weight: 1.0         Used: 473

   INFO      batch: 3 in 3.339 s – 3 sites in 23.29 s
   FINE HazardResult:
FaultSourceSet:
   Id: -1      Name: orwa_c                                Size: 47      Weight: 0.5         Used: 13
GridSourceSet:
   Id: -1      Name: puget.ch.in                           Size: 7223    Weight: 0.25        Used: 1499
   Id: -1      Name: puget.gr.in                           Size: 7223    Weight: 0.25        Used: 1499
   Id: -1      Name: nopuget.ch.in (opt)                   Size: 12421   Weight: 0.25        Used: 1499 (169 of 200)
   Id: -1      Name: nopuget.gr.in (opt)                   Size: 12421   Weight: 0.25        Used: 1499 (169 of 200)
   Id: -1      Name: WUSmap.ch.in (opt)                    Size: 12421   Weight: 0.25        Used: 1499 (169 of 200)
   Id: -1      Name: WUSmap.gr.in (opt)                    Size: 12421   Weight: 0.25        Used: 1499 (169 of 200)
InterfaceSourceSet:
   Id: -1      Name: cascadia.bot.8082.in                  Size: 1       Weight: 0.0051282   Used: 1
   Id: -1      Name: cascadia.bot.8387.in                  Size: 1       Weight: 0.0102564   Used: 1
   Id: -1      Name: cascadia.bot.9pm.in                   Size: 1       Weight: 0.13333     Used: 1
   Id: -1      Name: cascadia.mid.8082.in                  Size: 1       Weight: 0.0051282   Used: 1
   Id: -1      Name: cascadia.mid.8387.in                  Size: 1       Weight: 0.0102564   Used: 1
   Id: -1      Name: cascadia.mid.9pm.in                   Size: 1       Weight: 0.13333     Used: 1
   Id: -1      Name: cascadia.older2.8082.in               Size: 1       Weight: 0.012833    Used: 1
   Id: -1      Name: cascadia.older2.8387.in               Size: 1       Weight: 0.025644    Used: 1
   Id: -1      Name: cascadia.older2.9pm.in                Size: 1       Weight: 0.3333      Used: 1
   Id: -1      Name: cascadia.top.8082.in                  Size: 1       Weight: 0.0025641   Used: 1
   Id: -1      Name: cascadia.top.8387.in                  Size: 1       Weight: 0.0051282   Used: 1
   Id: -1      Name: cascadia.top.9pm.in                   Size: 1       Weight: 0.06666667  Used: 1
SlabSourceSet:
   Id: -1      Name: pnwdeep.in                            Size: 2490    Weight: 1.0         Used: 1310
   Id: -1      Name: portdeep.in                           Size: 368     Weight: 1.0         Used: 69

   INFO      batch: 4 in 2.352 s – 4 sites in 25.65 s
   FINE HazardResult:
FaultSourceSet:
   Id: -1      Name: brange.3dip.ch                        Size: 209     Weight: 0.6666      Used: 9
   Id: -1      Name: brange.3dip.gr                        Size: 209     Weight: 0.3334      Used: 9
   Id: -1      Name: nvut.3dip.65                          Size: 57      Weight: 1.0         Used: 9
   Id: -1      Name: ut.3dip.ch                            Size: 48      Weight: 0.6666      Used: 39
   Id: -1      Name: ut.3dip.gr                            Size: 48      Weight: 0.3334      Used: 39
   Id: -1      Name: wasatch.3dip.74                       Size: 3       Weight: 1.0         Used: 3
   Id: -1      Name: wasatch.3dip.ch                       Size: 18      Weight: 1.0         Used: 18
   Id: -1      Name: wasatch.3dip.gr                       Size: 18      Weight: 1.0         Used: 18
GridSourceSet:
   Id: -1      Name: EXTmap.ch.in (opt)                    Size: 33748   Weight: 0.6667      Used: 1346 (157 of 200)
   Id: -1      Name: EXTmap.gr.in (opt)                    Size: 33748   Weight: 0.333       Used: 1346 (157 of 200)

   INFO HazardCalc: 4 sites completed in 25.67 s
   INFO HazardCalc: finished
