   INFO HazardCalc: v1.1.2-27-gde790ea
   INFO Model Config: /Users/bclayton/usgs/git/nshmp-haz/etc/peer/models/Set1-Case1/config.json
        Model
          .name:               PEER Test: Set1-Case1
          .surfaceSpacing:     1.0
          .ruptureFloating:    OFF
          .ruptureVariability: false
          .pointSourceType:    FINITE
          .areaGridScaling:    UNIFORM_0P01
   INFO 
   INFO =======  Fault Sources  =======
   INFO Parsing: Fault/gmm.xml
   INFO Parsing: Fault/source.xml
WARNING @ FaultParser.startElement()  Invalid Id [-1, Fault 1]
   INFO ===============================
   INFO 
   INFO Calc Config: /Users/bclayton/usgs/git/nshmp-haz/etc/peer/models/Set1-Case1/config.json
        Hazard
          .exceedanceModel:    NONE
          .truncationLevel:    3.0
          .imts:               [PGA]
          .gmmUncertainty:     false
          .valueFormat:        ANNUAL_RATE
          .defaultImls:        [0.001, 0.01, 0.05, 0.1, 0.15, 0.2, 0.25, 0.3, 0.35, 0.4, 0.45, 0.5,
                                0.55, 0.6, 0.7, 0.8, 0.9, 1.0]
          .imls (PGV):         [0.01, 0.0177, 0.0312, 0.0552, 0.0976, 0.173, 0.305, 0.539, 0.953,
                                1.68, 2.98, 5.26, 9.3, 16.4, 29.1, 51.3, 90.8, 160.0, 284.0, 501.0]
        Deaggregation
          .rBins:              min=0.0, max=1000.0, Δ=20.0
          .mBins:              min=4.4, max=9.4, Δ=0.2
          .εBins:              min=-3.0, max=3.0, Δ=0.5
          .contributorLimit:   1.0
        Rate
          .mBins:              min=4.2, max=9.4, Δ=0.1
          .distance:           20.0
          .distributionFormat: INCREMENTAL
          .valueFormat:        ANNUAL_RATE
          .timespan:           30.0
        Site
          .vs30:               760.0
          .vsInf:              true
          .z1p0:               NaN
          .z2p5:               NaN
        Output
          .directory:          /Users/bclayton/usgs/git/nshmp-haz/etc/examples/1-hazard-curve/curves
          .dataTypes:          [TOTAL]
          .flushLimit:         5
        Performance
          .optimizeGrids:      true
          .collapseMfds:       true
          .systemPartition:    1000
          .threadCount:        ALL
   INFO 
   INFO Sites: List [size=1]
               Test Site                   -122.000 38.000 Vs30=760.0 inferred  Z1.0=NaN Z2.5=NaN
   INFO Threads: 4
   INFO HazardCalc: calculating ...
   FINE HazardResult:
FaultSourceSet:
   Id: -1      Name: Set1-Case1                            Size: 1       Weight: 1.0         Used: 1

   INFO HazardCalc: 1 sites completed in 46.51 ms
   INFO HazardCalc: finished
