   INFO RateCalc: v1.1.2-27-gde790ea
   INFO Model Config: /Users/bclayton/usgs/git/nshm-cous-2008/Western US/config.json
        Model
          .name:               NSHMP Western U.S. 2008
          .surfaceSpacing:     1.0
          .ruptureFloating:    NSHM
          .ruptureVariability: false
          .pointSourceType:    FINITE
          .areaGridScaling:    SCALED_SMALL
   INFO 
   INFO =======  Fault Sources  =======
   INFO Parsing: Fault/gmm.xml
   INFO Parsing: Fault/aFault_aPriori_D2.1.xml
   INFO Parsing: Fault/aFault_MoBal.xml
   INFO Parsing: Fault/bFault.ch.xml
WARNING @ FaultParser.startElement()  Invalid Id [-1, Hunter Mountain - Saline Valley]
WARNING @ FaultParser.startElement()  Invalid Id [-1, Newport - Inglewood - alt 2]
WARNING @ FaultParser.startElement()  Invalid Id [-1, Puente Hills]
WARNING @ FaultParser.startElement()  Invalid Id [-1, Santa Monica - alt 2]
   INFO Parsing: Fault/bFault.gr.xml
WARNING @ FaultParser.startElement()  Invalid Id [-1, Hunter Mountain - Saline Valley]
WARNING @ FaultParser.startElement()  Invalid Id [-1, Santa Monica - alt 2]
WARNING @ FaultParser.startElement()  Invalid Id [-1, Newport - Inglewood - alt 2]
WARNING @ FaultParser.startElement()  Invalid Id [-1, Puente Hills]
   INFO Parsing: Fault/brange.3dip.65.xml
   INFO Parsing: Fault/brange.3dip.ch.xml
   INFO Parsing: Fault/brange.3dip.gr.xml
WARNING @ FaultParser.buildGR()  GR MFD epi branch with no mags [Rush Peak 50]
WARNING @ FaultParser.buildGR()  GR MFD epi branch with no mags [Rush Peak 40]
WARNING @ FaultParser.buildGR()  GR MFD epi branch with no mags [Rush Peak 60]
   INFO Parsing: Fault/nv.3dip.ch.xml
   INFO Parsing: Fault/nv.3dip.gr.xml
WARNING @ FaultParser.buildGR()  GR MFD epi branch with no mags [Buffalo Creek 50]
WARNING @ FaultParser.buildGR()  GR MFD epi branch with no mags [Monte Cristo Valley]
WARNING @ FaultParser.buildGR()  GR MFD epi branch with no mags [Monte Cristo Valley]
WARNING @ FaultParser.buildGR()  GR MFD epi branch with no mags [Monte Cristo Valley]
WARNING @ FaultParser.buildGR()  GR MFD epi branch with no mags [Emigrant Peak 50]
WARNING @ FaultParser.buildGR()  GR MFD epi branch with no mags [Freds Mountain 50]
WARNING @ FaultParser.buildGR()  GR MFD epi branch with no mags [Buffalo Creek 40]
WARNING @ FaultParser.buildGR()  GR MFD epi branch with no mags [Emigrant Peak 40]
WARNING @ FaultParser.buildGR()  GR MFD epi branch with no mags [Freds Mountain 40]
WARNING @ FaultParser.buildGR()  GR MFD epi branch with no mags [Buffalo Creek 60]
WARNING @ FaultParser.buildGR()  GR MFD epi branch with no mags [Emigrant Peak 60]
WARNING @ FaultParser.buildGR()  GR MFD epi branch with no mags [Freds Mountain 60]
   INFO Parsing: Fault/nvut.3dip.65.xml
   INFO Parsing: Fault/orwa_c.xml
WARNING @ FaultParser.buildGR()  GR MFD epi branch with no mags [Coquille anticline]
   INFO Parsing: Fault/orwa_n.3dip.ch.xml
   INFO Parsing: Fault/orwa_n.3dip.gr.xml
   INFO Parsing: Fault/ut.3dip.ch.xml
   INFO Parsing: Fault/ut.3dip.gr.xml
   INFO Parsing: Fault/wasatch.3dip.74.xml
   INFO Parsing: Fault/wasatch.3dip.ch.xml
   INFO Parsing: Fault/wasatch.3dip.gr.xml
   INFO 
   INFO ========  Nested Fault Sources  ========
   INFO (override) Model Config: /Users/bclayton/usgs/git/nshm-cous-2008/Western US/Fault/CA Custom/config.json
        Model
          .name:               NSHMP Western U.S. 2008
          .surfaceSpacing:     1.0
          .ruptureFloating:    STRIKE_ONLY
          .ruptureVariability: false
          .pointSourceType:    FINITE
          .areaGridScaling:    SCALED_SMALL
   INFO (using parent gmm.xml)
   INFO Parsing: Fault/CA Custom/aFault_unseg.xml
WARNING @ FaultParser.startElement()  Invalid Id [-1, Elsinore]
WARNING @ FaultParser.startElement()  Invalid Id [-1, Garlock]
WARNING @ FaultParser.startElement()  Invalid Id [-1, San Jacinto (SB to C)]
WARNING @ FaultParser.startElement()  Invalid Id [-1, San Jacinto (CC to SM)]
WARNING @ FaultParser.startElement()  Invalid Id [-1, N. San Andreas]
WARNING @ FaultParser.startElement()  Invalid Id [-1, SAF - creeping segment]
WARNING @ FaultParser.startElement()  Invalid Id [-1, S. San Andreas]
WARNING @ FaultParser.startElement()  Invalid Id [-1, Hayward - Rodgers Creek]
WARNING @ FaultParser.startElement()  Invalid Id [-1, Calaveras]
   INFO ===============================
   INFO 
   INFO =======  Grid Sources  =======
   INFO Parsing: Grid/gmm.xml
   INFO Parsing: Grid/brawmap.xml
   INFO Parsing: Grid/CAmap.21.ch.xml
   INFO Parsing: Grid/CAmap.21.gr.xml
   INFO Parsing: Grid/CAmap.24.ch.xml
   INFO Parsing: Grid/CAmap.24.gr.xml
   INFO Parsing: Grid/creepmap.xml
   INFO Parsing: Grid/EXTmap.ch.xml
   INFO Parsing: Grid/EXTmap.gr.xml
   INFO Parsing: Grid/impext.ch.xml
   INFO Parsing: Grid/impext.gr.xml
   INFO Parsing: Grid/mendo.xml
   INFO Parsing: Grid/mojave.xml
   INFO Parsing: Grid/nopuget.ch.xml
   INFO Parsing: Grid/nopuget.gr.xml
   INFO Parsing: Grid/puget.ch.xml
   INFO Parsing: Grid/puget.gr.xml
   INFO Parsing: Grid/sangorg.xml
   INFO Parsing: Grid/shear1.xml
   INFO Parsing: Grid/shear2.xml
   INFO Parsing: Grid/shear3.xml
   INFO Parsing: Grid/shear4.xml
   INFO Parsing: Grid/WUSmap.ch.xml
   INFO Parsing: Grid/WUSmap.gr.xml
   INFO ==============================
   INFO 
   INFO =======  Interface Sources  =======
   INFO (override) Model Config: /Users/bclayton/usgs/git/nshm-cous-2008/Western US/Interface/config.json
        Model
          .name:               NSHMP Western U.S. 2008
          .surfaceSpacing:     5.0
          .ruptureFloating:    STRIKE_ONLY
          .ruptureVariability: false
          .pointSourceType:    FINITE
          .areaGridScaling:    SCALED_SMALL
   INFO Parsing: Interface/gmm.xml
   INFO Parsing: Interface/cascadia.bot.8082.xml
   INFO Parsing: Interface/cascadia.bot.8387.xml
   INFO Parsing: Interface/cascadia.bot.9pm.xml
   INFO Parsing: Interface/cascadia.mid.8082.xml
   INFO Parsing: Interface/cascadia.mid.8387.xml
   INFO Parsing: Interface/cascadia.mid.9pm.xml
   INFO Parsing: Interface/cascadia.older2.8082.xml
   INFO Parsing: Interface/cascadia.older2.8387.xml
   INFO Parsing: Interface/cascadia.older2.9pm.xml
   INFO Parsing: Interface/cascadia.top.8082.xml
   INFO Parsing: Interface/cascadia.top.8387.xml
   INFO Parsing: Interface/cascadia.top.9pm.xml
   INFO ===================================
   INFO 
   INFO =======  Slab Sources  =======
   INFO Parsing: Slab/gmm.xml
   INFO Parsing: Slab/CAdeep.xml
   INFO Parsing: Slab/pnwdeep.xml
   INFO Parsing: Slab/portdeep.xml
   INFO ==============================
   INFO 
   INFO Calc Config: /Users/bclayton/usgs/git/nshmp-haz/etc/examples/8-probabilities/config-sites.json
        Hazard
          .exceedanceModel:    TRUNCATION_3SIGMA_UPPER
          .truncationLevel:    3.0
          .imts:               [PGA,SA0P2,SA1P0]
          .gmmUncertainty:     true
          .valueFormat:        ANNUAL_RATE
          .defaultImls:        [0.0025, 0.0045, 0.0075, 0.0113, 0.0169, 0.0253, 0.038, 0.057,
                                0.0854, 0.128, 0.192, 0.288, 0.432, 0.649, 0.973, 1.46, 2.19, 3.28,
                                4.92, 7.38]
          .imls (PGV):         [0.01, 0.0177, 0.0312, 0.0552, 0.0976, 0.173, 0.305, 0.539, 0.953,
                                1.68, 2.98, 5.26, 9.3, 16.4, 29.1, 51.3, 90.8, 160.0, 284.0, 501.0]
        Deaggregation
          .rBins:              min=0.0, max=1000.0, Δ=20.0
          .mBins:              min=4.4, max=9.4, Δ=0.2
          .εBins:              min=-3.0, max=3.0, Δ=0.5
          .contributorLimit:   1.0
        Rate
          .mBins:              min=4.2, max=9.4, Δ=0.1
          .distance:           20.0
          .distributionFormat: INCREMENTAL
          .valueFormat:        ANNUAL_RATE
          .timespan:           30.0
        Site
          .vs30:               760.0
          .vsInf:              true
          .z1p0:               NaN
          .z2p5:               NaN
        Output
          .directory:          /Users/bclayton/usgs/git/nshmp-haz/etc/examples/8-probabilities/curves
          .dataTypes:          [TOTAL,SOURCE]
          .flushLimit:         5
        Performance
          .optimizeGrids:      true
          .collapseMfds:       true
          .systemPartition:    1000
          .threadCount:        ALL
   INFO 
   INFO Site file: /Users/bclayton/usgs/git/nshmp-haz/etc/examples/8-probabilities/sites.csv
   INFO Sites: List [size=13]
               Fresno CA                   -119.750 36.750 Vs30=760.0 inferred  Z1.0=NaN Z2.5=NaN
               Los Angeles CA              -118.250 34.050 Vs30=760.0 inferred  Z1.0=NaN Z2.5=NaN
               Oakland CA                  -122.250 37.800 Vs30=760.0 inferred  Z1.0=NaN Z2.5=NaN
               San Francisco CA            -122.400 37.750 Vs30=760.0 inferred  Z1.0=NaN Z2.5=NaN
               San Jose CA                 -121.900 37.350 Vs30=760.0 inferred  Z1.0=NaN Z2.5=NaN
               ... and 8 more ...
   INFO Threads: 4
   INFO RateCalc: calculating ...
   INFO      batch: 1 in 5.952 s – 5 sites in 6.055 s
   INFO      batch: 2 in 1.469 s – 10 sites in 7.530 s
   INFO RateCalc: 13 sites completed in 8.953 s
   INFO RateCalc: finished
